<?xml version="1.0" encoding="UTF-8"?>
<!-- Generated by org.testng.reporters.JUnitXMLReporter -->
<testsuite ignored="0" hostname="WL361561" failures="2" tests="6" name="Command line test" time="35.228" errors="0" timestamp="2020-07-03T15:56:56 IST">
  <testcase classname="com.tieto.page.NewTest" name="f" time="0.002"/>
  <testcase classname="com.tieto.test.AddPatientTest" name="createPatientTest" time="0.0">
    <failure type="java.lang.Error" message="Unresolved compilation problems: 
	PatientFinderPage cannot be resolved to a type
	PatientFinderPage cannot be resolved to a type
">
      <![CDATA[java.lang.Error: Unresolved compilation problems: 
PatientFinderPage cannot be resolved to a type
PatientFinderPage cannot be resolved to a type

at com.tieto.test.AddPatientTest.createPatientTest(AddPatientTest.java:28)
at java.base/java.util.ArrayList.forEach(ArrayList.java:1540)
... Removed 37 stack frames]]>
    </failure>
  </testcase> <!-- createPatientTest -->
  <testcase classname="com.tieto.test.DemoTest" name="excelRead" time="0.414"/>
  <testcase classname="com.tieto.test.LoginTest" name="checkLinkCountTest" time="0.019"/>
  <testcase classname="com.tieto.test.LoginTest" name="validCredentialTest" time="5.144"/>
  <testcase classname="com.tieto.test.LoginTest" name="invalidCredentialTest" time="0.0">
    <failure type="org.testng.TestNGException" message="
Method public void com.tieto.test.LoginTest.invalidCredentialTest(java.lang.String,java.lang.String,java.lang.String,java.lang.String) requires a @DataProvider named : invalidCredentialData">
      <![CDATA[org.testng.TestNGException: 
Method public void com.tieto.test.LoginTest.invalidCredentialTest(java.lang.String,java.lang.String,java.lang.String,java.lang.String) requires a @DataProvider named : invalidCredentialData
at java.base/java.util.ArrayList.forEach(ArrayList.java:1540)
... Removed 34 stack frames]]>
    </failure>
  </testcase> <!-- invalidCredentialTest -->
</testsuite> <!-- Command line test -->
