<?xml version="1.0" encoding="UTF-8"?>
<!-- Generated by org.testng.reporters.JUnitXMLReporter -->
<testsuite ignored="0" hostname="WL361561" failures="1" tests="3" name="Patient Test" time="24.875" errors="0" timestamp="2020-07-03T16:16:20 IST">
  <testcase classname="com.tieto.test.LoginTest" name="checkLinkCountTest" time="0.007"/>
  <testcase classname="com.tieto.test.LoginTest" name="validCredentialTest" time="5.056"/>
  <testcase classname="com.tieto.test.LoginTest" name="invalidCredentialTest" time="0.0">
    <failure type="org.testng.TestNGException" message="
Method public void com.tieto.test.LoginTest.invalidCredentialTest(java.lang.String,java.lang.String,java.lang.String,java.lang.String) requires a @DataProvider named : invalidCredentialData">
      <![CDATA[org.testng.TestNGException: 
Method public void com.tieto.test.LoginTest.invalidCredentialTest(java.lang.String,java.lang.String,java.lang.String,java.lang.String) requires a @DataProvider named : invalidCredentialData
at java.base/java.util.ArrayList.forEach(ArrayList.java:1540)
... Removed 28 stack frames]]>
    </failure>
  </testcase> <!-- invalidCredentialTest -->
</testsuite> <!-- Patient Test -->
